kotlin version: 2.0.21
error message: java.lang.OutOfMemoryError: GC overhead limit exceeded
	at java.base/java.util.ArrayList.grow(ArrayList.java:240)
	at java.base/java.util.ArrayList.grow(ArrayList.java:245)
	at java.base/java.util.ArrayList.add(ArrayList.java:484)
	at java.base/java.util.ArrayList.add(ArrayList.java:497)
	at org.jetbrains.kotlin.fir.expressions.FirArgumentUtilKt.buildUnaryArgumentList(FirArgumentUtil.kt:16)
	at org.jetbrains.kotlin.fir.lightTree.converter.LightTreeRawFirExpressionBuilder.convertBinaryWithTypeRHSExpression(LightTreeRawFirExpressionBuilder.kt:390)
	at org.jetbrains.kotlin.fir.lightTree.converter.LightTreeRawFirExpressionBuilder.convertExpression(LightTreeRawFirExpressionBuilder.kt:106)
	at org.jetbrains.kotlin.fir.lightTree.converter.LightTreeRawFirDeclarationBuilder.convertFunctionBody(LightTreeRawFirDeclarationBuilder.kt:3944)
	at org.jetbrains.kotlin.fir.lightTree.converter.LightTreeRawFirDeclarationBuilder.convertGetterOrSetter(LightTreeRawFirDeclarationBuilder.kt:1624)
	at org.jetbrains.kotlin.fir.lightTree.converter.LightTreeRawFirDeclarationBuilder.convertPropertyDeclaration(LightTreeRawFirDeclarationBuilder.kt:1396)
	at org.jetbrains.kotlin.fir.lightTree.converter.LightTreeRawFirDeclarationBuilder.convertClassBody(LightTreeRawFirDeclarationBuilder.kt:877)
	at org.jetbrains.kotlin.fir.lightTree.converter.LightTreeRawFirDeclarationBuilder.convertClass(LightTreeRawFirDeclarationBuilder.kt:587)
	at org.jetbrains.kotlin.fir.lightTree.converter.LightTreeRawFirDeclarationBuilder.convertFile(LightTreeRawFirDeclarationBuilder.kt:95)
	at org.jetbrains.kotlin.fir.lightTree.LightTree2Fir.buildFirFile(LightTree2Fir.kt:91)
	at org.jetbrains.kotlin.fir.lightTree.LightTree2Fir.buildFirFile(LightTree2Fir.kt:97)
	at org.jetbrains.kotlin.fir.pipeline.FirUtilsKt.buildFirViaLightTree(firUtils.kt:40)
	at org.jetbrains.kotlin.fir.pipeline.FirUtilsKt.buildResolveAndCheckFirViaLightTree(firUtils.kt:87)
	at org.jetbrains.kotlin.cli.jvm.compiler.pipeline.JvmCompilerPipelineKt.compileModuleToAnalyzedFir(jvmCompilerPipeline.kt:319)
	at org.jetbrains.kotlin.cli.jvm.compiler.pipeline.JvmCompilerPipelineKt.compileModulesUsingFrontendIrAndLightTree(jvmCompilerPipeline.kt:118)
	at org.jetbrains.kotlin.cli.jvm.K2JVMCompiler.doExecute(K2JVMCompiler.kt:148)
	at org.jetbrains.kotlin.cli.jvm.K2JVMCompiler.doExecute(K2JVMCompiler.kt:43)
	at org.jetbrains.kotlin.cli.common.CLICompiler.execImpl(CLICompiler.kt:103)
	at org.jetbrains.kotlin.cli.common.CLICompiler.execImpl(CLICompiler.kt:49)
	at org.jetbrains.kotlin.cli.common.CLITool.exec(CLITool.kt:101)
	at org.jetbrains.kotlin.incremental.IncrementalJvmCompilerRunner.runCompiler(IncrementalJvmCompilerRunner.kt:464)
	at org.jetbrains.kotlin.incremental.IncrementalJvmCompilerRunner.runCompiler(IncrementalJvmCompilerRunner.kt:73)
	at org.jetbrains.kotlin.incremental.IncrementalCompilerRunner.doCompile(IncrementalCompilerRunner.kt:506)
	at org.jetbrains.kotlin.incremental.IncrementalCompilerRunner.compileImpl(IncrementalCompilerRunner.kt:423)
	at org.jetbrains.kotlin.incremental.IncrementalCompilerRunner.compileNonIncrementally(IncrementalCompilerRunner.kt:301)
	at org.jetbrains.kotlin.incremental.IncrementalCompilerRunner.compile(IncrementalCompilerRunner.kt:129)
	at org.jetbrains.kotlin.daemon.CompileServiceImplBase.execIncrementalCompiler(CompileServiceImpl.kt:675)
	at org.jetbrains.kotlin.daemon.CompileServiceImplBase.access$execIncrementalCompiler(CompileServiceImpl.kt:92)


